<?xml version="1.0" encoding="UTF-8"?>
<testsuite name="StudentServiceTest" tests="1" skipped="0" failures="0" errors="0" timestamp="2021-11-10T13:37:10" hostname="LAPTOP-QO6QH4E3" time="0.032">
  <properties/>
  <testcase name="showSummary" classname="StudentServiceTest" time="0.032"/>
  <system-out><![CDATA[]]></system-out>
  <system-err><![CDATA[]]></system-err>
</testsuite>
